<?xml version="1.0" encoding="UTF-8"?>
<testExecutions version="1">
  <file path="/Users/pietromacori/Documents/git/SoftEng2/SPG/client/src/tests/LoginForm.test.js">
    <testCase name="Test login form Test login form appearance" duration="184">
      <failure message="Error: useNavigate() may be used only in the context of a &lt;Router&gt; component."><![CDATA[Error: useNavigate() may be used only in the context of a <Router> component.
    at invariant (/Users/pietromacori/Documents/git/SoftEng2/SPG/packages/react-router/index.tsx:19:20)
    at useNavigate (/Users/pietromacori/Documents/git/SoftEng2/SPG/packages/react-router/index.tsx:457:3)
    at MyLogin (/Users/pietromacori/Documents/git/SoftEng2/SPG/client/src/components/MyLogin.js:18:22)
    at renderWithHooks (/Users/pietromacori/Documents/git/SoftEng2/SPG/client/node_modules/react-dom/cjs/react-dom.development.js:14985:18)
    at mountIndeterminateComponent (/Users/pietromacori/Documents/git/SoftEng2/SPG/client/node_modules/react-dom/cjs/react-dom.development.js:17811:13)
    at beginWork (/Users/pietromacori/Documents/git/SoftEng2/SPG/client/node_modules/react-dom/cjs/react-dom.development.js:19049:16)
    at HTMLUnknownElement.callCallback (/Users/pietromacori/Documents/git/SoftEng2/SPG/client/node_modules/react-dom/cjs/react-dom.development.js:3945:14)
    at invokeEventListeners (/Users/pietromacori/Documents/git/SoftEng2/SPG/client/node_modules/react-scripts/node_modules/jsdom/lib/jsdom/living/events/EventTarget-impl.js:193:27)
    at HTMLUnknownElementImpl._dispatch (/Users/pietromacori/Documents/git/SoftEng2/SPG/client/node_modules/react-scripts/node_modules/jsdom/lib/jsdom/living/events/EventTarget-impl.js:119:9)
    at HTMLUnknownElementImpl.dispatchEvent (/Users/pietromacori/Documents/git/SoftEng2/SPG/client/node_modules/react-scripts/node_modules/jsdom/lib/jsdom/living/events/EventTarget-impl.js:82:17)
    at HTMLUnknownElementImpl.dispatchEvent (/Users/pietromacori/Documents/git/SoftEng2/SPG/client/node_modules/react-scripts/node_modules/jsdom/lib/jsdom/living/nodes/HTMLElement-impl.js:30:27)
    at HTMLUnknownElement.dispatchEvent (/Users/pietromacori/Documents/git/SoftEng2/SPG/client/node_modules/react-scripts/node_modules/jsdom/lib/jsdom/living/generated/EventTarget.js:157:21)
    at Object.invokeGuardedCallbackDev (/Users/pietromacori/Documents/git/SoftEng2/SPG/client/node_modules/react-dom/cjs/react-dom.development.js:3994:16)
    at invokeGuardedCallback (/Users/pietromacori/Documents/git/SoftEng2/SPG/client/node_modules/react-dom/cjs/react-dom.development.js:4056:31)
    at beginWork$1 (/Users/pietromacori/Documents/git/SoftEng2/SPG/client/node_modules/react-dom/cjs/react-dom.development.js:23964:7)
    at performUnitOfWork (/Users/pietromacori/Documents/git/SoftEng2/SPG/client/node_modules/react-dom/cjs/react-dom.development.js:22779:12)
    at workLoopSync (/Users/pietromacori/Documents/git/SoftEng2/SPG/client/node_modules/react-dom/cjs/react-dom.development.js:22707:5)
    at renderRootSync (/Users/pietromacori/Documents/git/SoftEng2/SPG/client/node_modules/react-dom/cjs/react-dom.development.js:22670:7)
    at performSyncWorkOnRoot (/Users/pietromacori/Documents/git/SoftEng2/SPG/client/node_modules/react-dom/cjs/react-dom.development.js:22293:18)
    at scheduleUpdateOnFiber (/Users/pietromacori/Documents/git/SoftEng2/SPG/client/node_modules/react-dom/cjs/react-dom.development.js:21881:7)
    at updateContainer (/Users/pietromacori/Documents/git/SoftEng2/SPG/client/node_modules/react-dom/cjs/react-dom.development.js:25482:3)
    at /Users/pietromacori/Documents/git/SoftEng2/SPG/client/node_modules/react-dom/cjs/react-dom.development.js:26021:7
    at unbatchedUpdates (/Users/pietromacori/Documents/git/SoftEng2/SPG/client/node_modules/react-dom/cjs/react-dom.development.js:22431:12)
    at legacyRenderSubtreeIntoContainer (/Users/pietromacori/Documents/git/SoftEng2/SPG/client/node_modules/react-dom/cjs/react-dom.development.js:26020:5)
    at Object.render (/Users/pietromacori/Documents/git/SoftEng2/SPG/client/node_modules/react-dom/cjs/react-dom.development.js:26103:10)
    at /Users/pietromacori/Documents/git/SoftEng2/SPG/client/node_modules/@testing-library/react/dist/pure.js:101:25
    at batchedUpdates$1 (/Users/pietromacori/Documents/git/SoftEng2/SPG/client/node_modules/react-dom/cjs/react-dom.development.js:22380:12)
    at act (/Users/pietromacori/Documents/git/SoftEng2/SPG/client/node_modules/react-dom/cjs/react-dom-test-utils.development.js:1042:14)
    at render (/Users/pietromacori/Documents/git/SoftEng2/SPG/client/node_modules/@testing-library/react/dist/pure.js:97:26)
    at Object.<anonymous> (/Users/pietromacori/Documents/git/SoftEng2/SPG/client/src/tests/LoginForm.test.js:8:5)
    at Object.asyncJestTest (/Users/pietromacori/Documents/git/SoftEng2/SPG/client/node_modules/react-scripts/node_modules/jest-jasmine2/build/jasmineAsyncInstall.js:102:37)
    at /Users/pietromacori/Documents/git/SoftEng2/SPG/client/node_modules/react-scripts/node_modules/jest-jasmine2/build/queueRunner.js:43:12
    at new Promise (<anonymous>)
    at mapper (/Users/pietromacori/Documents/git/SoftEng2/SPG/client/node_modules/react-scripts/node_modules/jest-jasmine2/build/queueRunner.js:26:19)
    at /Users/pietromacori/Documents/git/SoftEng2/SPG/client/node_modules/react-scripts/node_modules/jest-jasmine2/build/queueRunner.js:73:41
    at processTicksAndRejections (internal/process/task_queues.js:93:5)]]></failure>
    </testCase>
  </file>
  <file path="/Users/pietromacori/Documents/git/SoftEng2/SPG/client/src/tests/MyClientProfile.test.js">
    <testCase name="renders the client profile" duration="258">
      <failure message="TestingLibraryElementError: Unable to find an element by: [data-testid=&quot;back&quot;]"><![CDATA[TestingLibraryElementError: Unable to find an element by: [data-testid="back"]

<body>
  <div>
    <div
      class="bg-dark min-height-100 justify-content-center align-items-center below-nav mt-3 container-fluid"
    >
      <div
        class="row"
      >
        <div
          class=" m-0 p-0 col-sm-6"
        >
          <div
            class="m-0 p-4 pb-2 row"
          >
            <div
              class="m-0 p-0 col-sm-4"
            >
              <h3
                class="text-white"
              >
                <b
                  data-testid="profileName"
                >
                  Name: 
                </b>
              </h3>
            </div>
            <div
              class="m-0 p-0 col-sm-8"
            >
              <h3
                class="text-white"
              />
            </div>
          </div>
          <div
            class="m-0 p-4 pt-0 pb-2 row"
          >
            <div
              class="m-0 p-0 col-sm-4"
            >
              <h3
                class="text-white"
              >
                <b
                  data-testid="surname"
                >
                  Surname: 
                </b>
              </h3>
            </div>
            <div
              class="m-0 p-0 col-sm-8"
            >
              <h3
                class="text-white"
              />
            </div>
          </div>
          <div
            class="m-0 p-4 pt-0 pb-2 row"
          >
            <div
              class="m-0 p-0 col-sm-4"
            >
              <h3
                class="text-white"
              >
                <b
                  data-testid="email"
                >
                  Email: 
                </b>
              </h3>
            </div>
            <div
              class="m-0 p-0 col-sm-8"
            >
              <h3
                class="text-white"
              />
            </div>
          </div>
          <div
            class="m-0 p-4 pt-0 pb-2 row"
          >
            <div
              class="m-0 p-0 col-sm-4"
            >
              <h3
                class="text-white"
              >
                <b
                  data-testid="role"
                >
                  Role: 
                </b>
              </h3>
            </div>
            <div
              class="m-0 p-0 col-sm-8"
            >
              <h3
                class="text-white"
              />
            </div>
          </div>
          <div
            class="m-0 p-4 pt-0 pb-2 row"
          >
            <div
              class="m-0 p-0 col-sm-4"
            >
              <h3
                class="text-white"
              >
                <b
                  data-testid="wallet"
                >
                  Wallet: 
                </b>
              </h3>
            </div>
            <div
              class="m-0 p-0 col-sm-8"
            >
              <h3
                class="text-white m-0 p-0"
              >
                undefined â‚¬
              </h3>
            </div>
          </div>
        </div>
        <div
          class=" m-0 p-0 col-sm-6"
        >
          <div
            class="m-0 p-4 pb-2 row"
          >
            <div
              class="m-0 p-0 col-sm-4"
            >
              <h3
                class="text-white"
              >
                <b
                  data-testid="phone"
                >
                  Phone: 
                </b>
              </h3>
            </div>
            <div
              class="m-0 p-0 col-sm-8"
            >
              <h3
                class="text-white"
              />
            </div>
          </div>
          <div
            class="m-0 p-4 pt-0 pb-2 row"
          >
            <div
              class="m-0 p-0 col-sm-4"
            >
              <h3
                class="text-white"
              >
                <b
                  data-testid="address"
                >
                  Address: 
                </b>
              </h3>
            </div>
            <div
              class="m-0 p-0 col-sm-8"
            >
              <h3
                class="text-white"
              />
            </div>
          </div>
          <div
            class="m-0 p-4 pt-0 pb-2 row"
          >
            <div
              class="m-0 p-0 col-sm-4"
            >
              <h3
                class="text-white"
              >
                <b
                  data-testid="city"
                >
                  City: 
                </b>
              </h3>
            </div>
            <div
              class="m-0 p-0 col-sm-8"
            >
              <h3
                class="text-white"
              />
            </div>
          </div>
          <div
            class="m-0 p-4 pt-0 pb-2 row"
          >
            <div
              class="m-0 p-0 col-sm-4"
            >
              <h3
                class="text-white"
              >
                <b
                  data-testid="country"
                >
                  Country: 
                </b>
              </h3>
            </div>
            <div
              class="m-0 p-0 col-sm-8"
            >
              <h3
                class="text-white"
              />
            </div>
          </div>
        </div>
      </div>
      <div
        class="text-center justify-content-center p-0 pt-2 pb-5 row"
      >
        <button
          class="btn-danger p-2 w-50 mt-3 btn btn-primary btn-lg"
          testid="back"
          type="button"
        >
          Back
        </button>
      </div>
    </div>
  </div>
</body>
    at Object.getElementError (/Users/pietromacori/Documents/git/SoftEng2/SPG/client/node_modules/@testing-library/react/node_modules/@testing-library/dom/dist/config.js:37:19)
    at /Users/pietromacori/Documents/git/SoftEng2/SPG/client/node_modules/@testing-library/react/node_modules/@testing-library/dom/dist/query-helpers.js:90:38
    at /Users/pietromacori/Documents/git/SoftEng2/SPG/client/node_modules/@testing-library/react/node_modules/@testing-library/dom/dist/query-helpers.js:62:17
    at getByTestId (/Users/pietromacori/Documents/git/SoftEng2/SPG/client/node_modules/@testing-library/react/node_modules/@testing-library/dom/dist/query-helpers.js:111:19)
    at Object.<anonymous> (/Users/pietromacori/Documents/git/SoftEng2/SPG/client/src/tests/MyClientProfile.test.js:34:26)
    at Object.asyncJestTest (/Users/pietromacori/Documents/git/SoftEng2/SPG/client/node_modules/react-scripts/node_modules/jest-jasmine2/build/jasmineAsyncInstall.js:102:37)
    at /Users/pietromacori/Documents/git/SoftEng2/SPG/client/node_modules/react-scripts/node_modules/jest-jasmine2/build/queueRunner.js:43:12
    at new Promise (<anonymous>)
    at mapper (/Users/pietromacori/Documents/git/SoftEng2/SPG/client/node_modules/react-scripts/node_modules/jest-jasmine2/build/queueRunner.js:26:19)
    at /Users/pietromacori/Documents/git/SoftEng2/SPG/client/node_modules/react-scripts/node_modules/jest-jasmine2/build/queueRunner.js:73:41
    at processTicksAndRejections (internal/process/task_queues.js:93:5)]]></failure>
    </testCase>
  </file>
  <file path="/Users/pietromacori/Documents/git/SoftEng2/SPG/client/src/tests/ModalWindow.test.js">
    <testCase name="modal window.js tests renders modal window for alert" duration="1855">
      <failure message="Error: expect(received).toBeInTheDocument()"><![CDATA[Error: expect(received).toBeInTheDocument()

received value must be an HTMLElement or an SVGElement.
Received has type:  object
Received has value: {}
    at Object.toBeInTheDocument (/Users/pietromacori/Documents/git/SoftEng2/SPG/client/node_modules/react-scripts/node_modules/expect/build/index.js:342:33)
    at Object.<anonymous> (/Users/pietromacori/Documents/git/SoftEng2/SPG/client/src/tests/ModalWindow.test.js:20:29)
    at processTicksAndRejections (internal/process/task_queues.js:93:5)]]></failure>
    </testCase>
  </file>
  <file path="/Users/pietromacori/Documents/git/SoftEng2/SPG/client/src/tests/MyClientPage.test.js">
    <testCase name="renders app form" duration="31"/>
  </file>
  <file path="/Users/pietromacori/Documents/git/SoftEng2/SPG/client/src/tests/prova.test.js">
    <testCase name="Test login form unit Test login form appearance" duration="76"/>
    <testCase name="Test login form e2e Test filling out login form" duration="42"/>
  </file>
  <file path="/Users/pietromacori/Documents/git/SoftEng2/SPG/client/src/tests/MyNavBar.test.js">
    <testCase name="MyNavBar.js tests tests logout" duration="3834"/>
  </file>
  <file path="/Users/pietromacori/Documents/git/SoftEng2/SPG/client/src/tests/MyForm.test.js">
    <testCase name="renders sigup page" duration="66"/>
  </file>
  <file path="/Users/pietromacori/Documents/git/SoftEng2/SPG/client/src/tests/App.test.js">
    <testCase name="renders app homepage" duration="212"/>
  </file>
  <file path="/Users/pietromacori/Documents/git/SoftEng2/SPG/client/src/tests/MySingleClient.test.js">
    <testCase name="renders the info of a client from employee page" duration="71"/>
  </file>
  <file path="/Users/pietromacori/Documents/git/SoftEng2/SPG/client/src/tests/MyFarmer.test.js">
    <testCase name="renders the farmer starting page" duration="12"/>
  </file>
  <file path="/Users/pietromacori/Documents/git/SoftEng2/SPG/client/src/tests/MyLogin.test.js">
  </file>
  <file path="/Users/pietromacori/Documents/git/SoftEng2/SPG/client/src/tests/prova2.test.js">
  </file>
</testExecutions>