<?xml version="1.0" encoding="UTF-8"?>
<testExecutions version="1">
  <file path="/Users/pietromacori/Documents/git/SoftEng2/SPG/client/src/tests/MyEmployee.test.js">
    <testCase name="Test Employee page renders the employee starting page" duration="36"/>
    <testCase name="Test Employee page e2e test employee" duration="1"/>
  </file>
</testExecutions>