<?xml version="1.0" encoding="UTF-8"?>
<testExecutions version="1">
  <file path="/Users/pietromacori/Documents/git/SoftEng2/SPG/client/src/tests/MyFarmer.test.js">
    <testCase name="renders the farmer starting page" duration="106"/>
  </file>
  <file path="/Users/pietromacori/Documents/git/SoftEng2/SPG/client/src/tests/MyLogin.test.js">
    <testCase name="Test login form unit Test login form appearance" duration="237"/>
    <testCase name="Test login form e2e Test filling out login form" duration="234"/>
  </file>
  <file path="/Users/pietromacori/Documents/git/SoftEng2/SPG/client/src/tests/MyNavBar.test.js">
    <testCase name="Test navbar renders all components" duration="473"/>
    <testCase name="Test navbar test logout" duration="172"/>
  </file>
  <file path="/Users/pietromacori/Documents/git/SoftEng2/SPG/client/src/tests/ModalWindow.test.js">
    <testCase name="modal window.js tests renders modal window for alert" duration="121"/>
  </file>
  <file path="/Users/pietromacori/Documents/git/SoftEng2/SPG/client/src/tests/App.test.js">
    <testCase name="renders app homepage" duration="129"/>
  </file>
  <file path="/Users/pietromacori/Documents/git/SoftEng2/SPG/client/src/tests/LoginForm.test.js">
    <testCase name="Test login form Test login form appearance" duration="50"/>
  </file>
  <file path="/Users/pietromacori/Documents/git/SoftEng2/SPG/client/src/tests/MyForm.test.js">
    <testCase name="renders sigup page" duration="91"/>
  </file>
  <file path="/Users/pietromacori/Documents/git/SoftEng2/SPG/client/src/tests/MyClientProfile.test.js">
    <testCase name="renders the client profile" duration="58"/>
  </file>
  <file path="/Users/pietromacori/Documents/git/SoftEng2/SPG/client/src/tests/MyClientPage.test.js">
    <testCase name="renders app form" duration="35"/>
  </file>
  <file path="/Users/pietromacori/Documents/git/SoftEng2/SPG/client/src/tests/MyEmployee.test.js">
    <testCase name="Test employee renders the employee starting page" duration="19"/>
    <testCase name="Test employee test employee e2e" duration="11"/>
  </file>
  <file path="/Users/pietromacori/Documents/git/SoftEng2/SPG/client/src/tests/MySingleClient.test.js">
    <testCase name="renders the info of a client from employee page" duration="62"/>
  </file>
  <file path="/Users/pietromacori/Documents/git/SoftEng2/SPG/client/src/tests/MyMyProducts.test.js">
    <testCase name="Test MyMyproducts tests error messages" duration="215"/>
  </file>
</testExecutions>