<?xml version="1.0" encoding="UTF-8"?>
<testExecutions version="1">
  <file path="/Users/pietromacori/Documents/git/SoftEng2/SPG/client/src/tests/MyEmployee.test.js">
    <testCase name="Test employee renders the employee starting page" duration="443"/>
    <testCase name="Test employee test employee e2e" duration="45"/>
  </file>
</testExecutions>