<?xml version="1.0" encoding="UTF-8"?>
<testExecutions version="1">
  <file path="C:\Users\Mattia\Desktop\spg\server\tests\apis.spec.js">
    <testCase name="tests GET /api/products" duration="154"/>
    <testCase name="tests GET /api/clients" duration="56"/>
    <testCase name="tests GET /api/clients/:id" duration="48"/>
    <testCase name="tests PUT /api/clients/:id/wallet" duration="69"/>
    <testCase name="tests GET /api/orders" duration="5058">
      <failure message="SyntaxError: Unexpected token i in JSON at position 2"><![CDATA[SyntaxError: Unexpected token i in JSON at position 2
    at JSON.parse (<anonymous>)
    at map (C:\Users\Mattia\Desktop\spg\server\spgDao.js:337:90)
    at Array.map (<anonymous>)
    at Statement.<anonymous> (C:\Users\Mattia\Desktop\spg\server\spgDao.js:337:33)]]></failure>
      <failure message="Error: thrown: &quot;Exceeded timeout of 5000 ms for a test."><![CDATA[Error: thrown: "Exceeded timeout of 5000 ms for a test.
Use jest.setTimeout(newTimeout) to increase the timeout value, if this is a long-running test."
    at C:\Users\Mattia\Desktop\spg\server\tests\apis.spec.js:134:3
    at _dispatchDescribe (C:\Users\Mattia\Desktop\spg\server\node_modules\jest-circus\build\index.js:97:26)
    at describe (C:\Users\Mattia\Desktop\spg\server\node_modules\jest-circus\build\index.js:60:5)
    at Object.<anonymous> (C:\Users\Mattia\Desktop\spg\server\tests\apis.spec.js:132:1)
    at Runtime._execModule (C:\Users\Mattia\Desktop\spg\server\node_modules\jest-runtime\build\index.js:1646:24)
    at Runtime._loadModule (C:\Users\Mattia\Desktop\spg\server\node_modules\jest-runtime\build\index.js:1185:12)
    at Runtime.requireModule (C:\Users\Mattia\Desktop\spg\server\node_modules\jest-runtime\build\index.js:1009:12)
    at jestAdapter (C:\Users\Mattia\Desktop\spg\server\node_modules\jest-circus\build\legacy-code-todo-rewrite\jestAdapter.js:79:13)
    at processTicksAndRejections (internal/process/task_queues.js:95:5)
    at runTestInternal (C:\Users\Mattia\Desktop\spg\server\node_modules\jest-runner\build\runTest.js:389:16)]]></failure>
    </testCase>
    <testCase name="tests GET /api/orders/:id" duration="33"/>
    <testCase name="tests POST /api/orders" duration="173"/>
    <testCase name="tests POST /api/addNewUser" duration="481"/>
    <testCase name="tests error POST /api/addNewUser" duration="46"/>
    <testCase name="login" duration="150"/>
    <testCase name="tests POST /api/products" duration="93"/>
    <testCase name="tests PUT /api/products/:id" duration="155"/>
    <testCase name="logout" duration="48"/>
    <testCase name="tests delete /api/sessions/current" duration="44"/>
    <testCase name="tests get /api/sessions/current" duration="44"/>
    <testCase name="tests get /api/nextProducts without performing the login" duration="58"/>
    <testCase name="login" duration="159"/>
    <testCase name="tests get /api/nextProducts after the login as a customer not on sunday" duration="253"/>
    <testCase name="login" duration="161"/>
    <testCase name="tests get /api/nextProducts after the login as a customer on sunday" duration="96"/>
    <testCase name="tests fet /api/nextProducts in the current week" duration="79"/>
    <testCase name="login" duration="213"/>
    <testCase name="tests get /api/nextProducts after the login as a farmer" duration="48"/>
    <testCase name="tests post /api/session" duration="168"/>
    <testCase name="tests post /api/session error" duration="198"/>
    <testCase name="tests PUT /api/clients/basket/:id" duration="42"/>
    <testCase name="tests GET /api/wallet/:id" duration="5054">
      <failure message="SyntaxError: Unexpected token i in JSON at position 2"><![CDATA[SyntaxError: Unexpected token i in JSON at position 2
    at JSON.parse (<anonymous>)
    at map (C:\Users\Mattia\Desktop\spg\server\spgDao.js:337:90)
    at Array.map (<anonymous>)
    at Statement.<anonymous> (C:\Users\Mattia\Desktop\spg\server\spgDao.js:337:33)]]></failure>
      <failure message="Error: thrown: &quot;Exceeded timeout of 5000 ms for a test."><![CDATA[Error: thrown: "Exceeded timeout of 5000 ms for a test.
Use jest.setTimeout(newTimeout) to increase the timeout value, if this is a long-running test."
    at C:\Users\Mattia\Desktop\spg\server\tests\apis.spec.js:480:3
    at _dispatchDescribe (C:\Users\Mattia\Desktop\spg\server\node_modules\jest-circus\build\index.js:97:26)
    at describe (C:\Users\Mattia\Desktop\spg\server\node_modules\jest-circus\build\index.js:60:5)
    at Object.<anonymous> (C:\Users\Mattia\Desktop\spg\server\tests\apis.spec.js:479:1)
    at Runtime._execModule (C:\Users\Mattia\Desktop\spg\server\node_modules\jest-runtime\build\index.js:1646:24)
    at Runtime._loadModule (C:\Users\Mattia\Desktop\spg\server\node_modules\jest-runtime\build\index.js:1185:12)
    at Runtime.requireModule (C:\Users\Mattia\Desktop\spg\server\node_modules\jest-runtime\build\index.js:1009:12)
    at jestAdapter (C:\Users\Mattia\Desktop\spg\server\node_modules\jest-circus\build\legacy-code-todo-rewrite\jestAdapter.js:79:13)
    at processTicksAndRejections (internal/process/task_queues.js:95:5)
    at runTestInternal (C:\Users\Mattia\Desktop\spg\server\node_modules\jest-runner\build\runTest.js:389:16)]]></failure>
    </testCase>
    <testCase name="login" duration="227"/>
    <testCase name="tests get /api/deliverableProducts after the login as a wmanager" duration="5044">
      <failure message="SyntaxError: Unexpected token i in JSON at position 2"><![CDATA[SyntaxError: Unexpected token i in JSON at position 2
    at JSON.parse (<anonymous>)
    at map (C:\Users\Mattia\Desktop\spg\server\spgDao.js:337:90)
    at Array.map (<anonymous>)
    at Statement.<anonymous> (C:\Users\Mattia\Desktop\spg\server\spgDao.js:337:33)]]></failure>
      <failure message="Error: thrown: &quot;Exceeded timeout of 5000 ms for a test."><![CDATA[Error: thrown: "Exceeded timeout of 5000 ms for a test.
Use jest.setTimeout(newTimeout) to increase the timeout value, if this is a long-running test."
    at C:\Users\Mattia\Desktop\spg\server\tests\apis.spec.js:496:3
    at _dispatchDescribe (C:\Users\Mattia\Desktop\spg\server\node_modules\jest-circus\build\index.js:97:26)
    at describe (C:\Users\Mattia\Desktop\spg\server\node_modules\jest-circus\build\index.js:60:5)
    at Object.<anonymous> (C:\Users\Mattia\Desktop\spg\server\tests\apis.spec.js:488:1)
    at Runtime._execModule (C:\Users\Mattia\Desktop\spg\server\node_modules\jest-runtime\build\index.js:1646:24)
    at Runtime._loadModule (C:\Users\Mattia\Desktop\spg\server\node_modules\jest-runtime\build\index.js:1185:12)
    at Runtime.requireModule (C:\Users\Mattia\Desktop\spg\server\node_modules\jest-runtime\build\index.js:1009:12)
    at jestAdapter (C:\Users\Mattia\Desktop\spg\server\node_modules\jest-circus\build\legacy-code-todo-rewrite\jestAdapter.js:79:13)
    at processTicksAndRejections (internal/process/task_queues.js:95:5)
    at runTestInternal (C:\Users\Mattia\Desktop\spg\server\node_modules\jest-runner\build\runTest.js:389:16)]]></failure>
    </testCase>
    <testCase name="tests get /api/deliveries after the login as a wmanager" duration="106">
      <failure message="Error: expect(received).toMatchSnapshot(properties)"><![CDATA[Error: expect(received).toMatchSnapshot(properties)

Snapshot name: `tests get /api/deliveries after the login as a wmanager 1`

- Expected properties  - 3
+ Received value       + 2

  Object {
    "farmer": Any<Object>,
-   "id": Any<Number>,
-   "orderId": Any<Number>,
+   "id": 1,
    "product": Any<Object>,
-   "quantity": Any<Number>,
+   "quantity": 1,
  }
    at forEach (C:\Users\Mattia\Desktop\spg\server\tests\apis.spec.js:508:24)
    at Array.forEach (<anonymous>)
    at Object.<anonymous> (C:\Users\Mattia\Desktop\spg\server\tests\apis.spec.js:507:28)
    at runMicrotasks (<anonymous>)
    at processTicksAndRejections (internal/process/task_queues.js:95:5)]]></failure>
    </testCase>
    <testCase name="tests post /api/deliveries after the login as a wmanager" duration="5061">
      <failure message="SyntaxError: Unexpected token i in JSON at position 2"><![CDATA[SyntaxError: Unexpected token i in JSON at position 2
    at JSON.parse (<anonymous>)
    at map (C:\Users\Mattia\Desktop\spg\server\spgDao.js:337:90)
    at Array.map (<anonymous>)
    at Statement.<anonymous> (C:\Users\Mattia\Desktop\spg\server\spgDao.js:337:33)]]></failure>
      <failure message="Error: thrown: &quot;Exceeded timeout of 5000 ms for a test."><![CDATA[Error: thrown: "Exceeded timeout of 5000 ms for a test.
Use jest.setTimeout(newTimeout) to increase the timeout value, if this is a long-running test."
    at C:\Users\Mattia\Desktop\spg\server\tests\apis.spec.js:518:3
    at _dispatchDescribe (C:\Users\Mattia\Desktop\spg\server\node_modules\jest-circus\build\index.js:97:26)
    at describe (C:\Users\Mattia\Desktop\spg\server\node_modules\jest-circus\build\index.js:60:5)
    at Object.<anonymous> (C:\Users\Mattia\Desktop\spg\server\tests\apis.spec.js:488:1)
    at Runtime._execModule (C:\Users\Mattia\Desktop\spg\server\node_modules\jest-runtime\build\index.js:1646:24)
    at Runtime._loadModule (C:\Users\Mattia\Desktop\spg\server\node_modules\jest-runtime\build\index.js:1185:12)
    at Runtime.requireModule (C:\Users\Mattia\Desktop\spg\server\node_modules\jest-runtime\build\index.js:1009:12)
    at jestAdapter (C:\Users\Mattia\Desktop\spg\server\node_modules\jest-circus\build\legacy-code-todo-rewrite\jestAdapter.js:79:13)
    at processTicksAndRejections (internal/process/task_queues.js:95:5)
    at runTestInternal (C:\Users\Mattia\Desktop\spg\server\node_modules\jest-runner\build\runTest.js:389:16)]]></failure>
    </testCase>
    <testCase name="login" duration="191"/>
    <testCase name="tests GET /api/orderswithstatus/:status" duration="32"/>
  </file>
</testExecutions>