<?xml version="1.0" encoding="UTF-8"?>
<testExecutions version="1">
  <file path="C:\Users\Mattia\Desktop\spg\server\tests\apis.spec.js">
    <testCase name="tests GET /api/products" duration="597"/>
    <testCase name="tests GET /api/clients" duration="396"/>
    <testCase name="tests GET /api/clients/:id" duration="413"/>
    <testCase name="tests PUT /api/clients/:id/wallet" duration="543"/>
    <testCase name="tests POST /api/addNewUser" duration="879"/>
    <testCase name="tests error POST /api/addNewUser" duration="438"/>
    <testCase name="tests delete /api/sessions/current" duration="501"/>
    <testCase name="tests get /api/sessions/current" duration="580"/>
    <testCase name="tests get /api/nextProducts without performing the login" duration="501"/>
    <testCase name="tests get /api/nextProducts after the login as a customer" duration="598"/>
    <testCase name="tests get /api/nextProducts after the login as a customer" duration="510"/>
    <testCase name="tests get /api/nextProducts after the login as a farmer" duration="450"/>
    <testCase name="tests post /api/sesion" duration="623"/>
    <testCase name="tests post /api/sesion error" duration="588"/>
  </file>
</testExecutions>