<?xml version="1.0" encoding="UTF-8"?>
<testExecutions version="1">
  <file path="C:\Users\Mattia\Desktop\spg\server\tests\apis.spec.js">
    <testCase name="tests GET /api/products" duration="588"/>
    <testCase name="tests GET /api/clients" duration="481"/>
    <testCase name="tests GET /api/clients/:id" duration="448"/>
    <testCase name="tests PUT /api/clients/:id/wallet" duration="470"/>
    <testCase name="tests GET /api/orders" duration="487">
      <failure message="Error: expect(received).toMatchSnapshot(properties)"><![CDATA[Error: expect(received).toMatchSnapshot(properties)

Snapshot name: `tests GET /api/orders 1`

- Expected properties  - 8
+ Received value       + 8

  Object {
-   "address": Any<Object>,
-   "amount": Any<Number>,
-   "conf": Any<Boolean>,
-   "date": Any<String>,
-   "fulfilled": Any<Boolean>,
-   "id": Any<Number>,
-   "products": Any<Object>,
-   "time": Any<String>,
+   "address": "{\"address\":\"Via Millio, 23 Torino (TO) 10129\",\"deliveryOn\":\"2021-12-07 11:30\"}",
+   "amount": 12,
+   "conf": 1,
+   "date": "2021-01-12",
+   "fulfilled": 1,
+   "id": 1,
+   "products": "{\"milk\":2,\"eggs\":1}",
+   "time": "08:12",
  }
    at forEach (C:\Users\Mattia\Desktop\spg\server\tests\apis.spec.js:56:21)
    at Array.forEach (<anonymous>)
    at Object.<anonymous> (C:\Users\Mattia\Desktop\spg\server\tests\apis.spec.js:55:19)
    at processTicksAndRejections (internal/process/task_queues.js:95:5)]]></failure>
      <failure message="Error: expect(received).toMatchSnapshot(properties)"><![CDATA[Error: expect(received).toMatchSnapshot(properties)

Snapshot name: `tests GET /api/orders 2`

- Expected properties  - 8
+ Received value       + 8

  Object {
-   "address": Any<Object>,
-   "amount": Any<Number>,
-   "conf": Any<Boolean>,
-   "date": Any<String>,
-   "fulfilled": Any<Boolean>,
-   "id": Any<Number>,
-   "products": Any<Object>,
-   "time": Any<String>,
+   "address": "{\"address\":\"Via Millio, 23 Torino (TO) 10129\",\"deliveryOn\":\"2021-12-07 11:30\"}",
+   "amount": 9,
+   "conf": 0,
+   "date": "2021-09-01",
+   "fulfilled": 0,
+   "id": 2,
+   "products": "{\"Cheese\":0.3 }",
+   "time": "09:44",
  }
    at forEach (C:\Users\Mattia\Desktop\spg\server\tests\apis.spec.js:56:21)
    at Array.forEach (<anonymous>)
    at Object.<anonymous> (C:\Users\Mattia\Desktop\spg\server\tests\apis.spec.js:55:19)
    at processTicksAndRejections (internal/process/task_queues.js:95:5)]]></failure>
      <failure message="Error: expect(received).toMatchSnapshot(properties)"><![CDATA[Error: expect(received).toMatchSnapshot(properties)

Snapshot name: `tests GET /api/orders 3`

- Expected properties  - 8
+ Received value       + 8

  Object {
-   "address": Any<Object>,
-   "amount": Any<Number>,
-   "conf": Any<Boolean>,
-   "date": Any<String>,
-   "fulfilled": Any<Boolean>,
-   "id": Any<Number>,
-   "products": Any<Object>,
-   "time": Any<String>,
+   "address": "{\"address\":\"Via Millio, 23 Torino (TO) 10129\",\"deliveryOn\":\"2021-12-07 11:30\"}",
+   "amount": 20.5,
+   "conf": 0,
+   "date": "2021-11-09",
+   "fulfilled": 0,
+   "id": 3,
+   "products": "{\"Eggs\":1,\"Flour\":3}",
+   "time": "01:07",
  }
    at forEach (C:\Users\Mattia\Desktop\spg\server\tests\apis.spec.js:56:21)
    at Array.forEach (<anonymous>)
    at Object.<anonymous> (C:\Users\Mattia\Desktop\spg\server\tests\apis.spec.js:55:19)
    at processTicksAndRejections (internal/process/task_queues.js:95:5)]]></failure>
      <failure message="Error: expect(received).toMatchSnapshot(properties)"><![CDATA[Error: expect(received).toMatchSnapshot(properties)

Snapshot name: `tests GET /api/orders 4`

- Expected properties  - 8
+ Received value       + 8

  Object {
-   "address": Any<Object>,
-   "amount": Any<Number>,
-   "conf": Any<Boolean>,
-   "date": Any<String>,
-   "fulfilled": Any<Boolean>,
-   "id": Any<Number>,
-   "products": Any<Object>,
-   "time": Any<String>,
+   "address": "{\"address\":\"Via Millio, 23 Torino (TO) 10129\",\"deliveryOn\":\"2021-12-07 11:30\"}",
+   "amount": 2.4,
+   "conf": 0,
+   "date": "2021-11-13",
+   "fulfilled": 0,
+   "id": 4,
+   "products": "{\"Milk\":2}",
+   "time": "09:53",
  }
    at forEach (C:\Users\Mattia\Desktop\spg\server\tests\apis.spec.js:56:21)
    at Array.forEach (<anonymous>)
    at Object.<anonymous> (C:\Users\Mattia\Desktop\spg\server\tests\apis.spec.js:55:19)
    at processTicksAndRejections (internal/process/task_queues.js:95:5)]]></failure>
      <failure message="Error: expect(received).toMatchSnapshot(properties)"><![CDATA[Error: expect(received).toMatchSnapshot(properties)

Snapshot name: `tests GET /api/orders 5`

- Expected properties  - 8
+ Received value       + 8

  Object {
-   "address": Any<Object>,
-   "amount": Any<Number>,
-   "conf": Any<Boolean>,
-   "date": Any<String>,
-   "fulfilled": Any<Boolean>,
-   "id": Any<Number>,
-   "products": Any<Object>,
-   "time": Any<String>,
+   "address": "{\"address\":\"Via Millio, 23 Torino (TO) 10129\",\"deliveryOn\":\"2021-12-07 11:30\"}",
+   "amount": 4.5,
+   "conf": 0,
+   "date": "2021-11-13",
+   "fulfilled": 1,
+   "id": 5,
+   "products": "{\"Flour\":1}",
+   "time": "18:36",
  }
    at forEach (C:\Users\Mattia\Desktop\spg\server\tests\apis.spec.js:56:21)
    at Array.forEach (<anonymous>)
    at Object.<anonymous> (C:\Users\Mattia\Desktop\spg\server\tests\apis.spec.js:55:19)
    at processTicksAndRejections (internal/process/task_queues.js:95:5)]]></failure>
      <failure message="Error: expect(received).toMatchSnapshot(properties)"><![CDATA[Error: expect(received).toMatchSnapshot(properties)

Snapshot name: `tests GET /api/orders 6`

- Expected properties  - 8
+ Received value       + 8

  Object {
-   "address": Any<Object>,
-   "amount": Any<Number>,
-   "conf": Any<Boolean>,
-   "date": Any<String>,
-   "fulfilled": Any<Boolean>,
-   "id": Any<Number>,
-   "products": Any<Object>,
-   "time": Any<String>,
+   "address": "{\"address\":\"Via Millio, 23 Torino (TO) 10129\",\"deliveryOn\":\"2021-12-07 11:30\"}",
+   "amount": 23,
+   "conf": 0,
+   "date": "2021-11-13",
+   "fulfilled": 1,
+   "id": 6,
+   "products": "{\"Flour\":2,\"Eggs\":2}",
+   "time": "18:36",
  }
    at forEach (C:\Users\Mattia\Desktop\spg\server\tests\apis.spec.js:56:21)
    at Array.forEach (<anonymous>)
    at Object.<anonymous> (C:\Users\Mattia\Desktop\spg\server\tests\apis.spec.js:55:19)
    at processTicksAndRejections (internal/process/task_queues.js:95:5)]]></failure>
      <failure message="Error: expect(received).toMatchSnapshot(properties)"><![CDATA[Error: expect(received).toMatchSnapshot(properties)

Snapshot name: `tests GET /api/orders 7`

- Expected properties  - 8
+ Received value       + 8

  Object {
-   "address": Any<Object>,
-   "amount": Any<Number>,
-   "conf": Any<Boolean>,
-   "date": Any<String>,
-   "fulfilled": Any<Boolean>,
-   "id": Any<Number>,
-   "products": Any<Object>,
-   "time": Any<String>,
+   "address": "{\"address\":\"Via Millio, 23 Torino (TO) 10129\",\"deliveryOn\":\"2021-12-07 11:30\"}",
+   "amount": 11.5,
+   "conf": 0,
+   "date": "2021-11-30",
+   "fulfilled": 0,
+   "id": 14,
+   "products": "{\"Flour\":1,\"Eggs\":1}",
+   "time": "22:32",
  }
    at forEach (C:\Users\Mattia\Desktop\spg\server\tests\apis.spec.js:56:21)
    at Array.forEach (<anonymous>)
    at Object.<anonymous> (C:\Users\Mattia\Desktop\spg\server\tests\apis.spec.js:55:19)
    at processTicksAndRejections (internal/process/task_queues.js:95:5)]]></failure>
      <failure message="Error: expect(received).toMatchSnapshot(properties)"><![CDATA[Error: expect(received).toMatchSnapshot(properties)

Snapshot name: `tests GET /api/orders 8`

- Expected properties  - 8
+ Received value       + 8

  Object {
-   "address": Any<Object>,
-   "amount": Any<Number>,
-   "conf": Any<Boolean>,
-   "date": Any<String>,
-   "fulfilled": Any<Boolean>,
-   "id": Any<Number>,
-   "products": Any<Object>,
-   "time": Any<String>,
+   "address": "{\"address\":\"Via Millio, 23 Torino (TO) 10129\",\"deliveryOn\":\"2021-12-07 11:30\"}",
+   "amount": 9,
+   "conf": 0,
+   "date": "2021-12-02",
+   "fulfilled": 0,
+   "id": 15,
+   "products": "{\"Flour\":2}",
+   "time": "22:32",
  }
    at forEach (C:\Users\Mattia\Desktop\spg\server\tests\apis.spec.js:56:21)
    at Array.forEach (<anonymous>)
    at Object.<anonymous> (C:\Users\Mattia\Desktop\spg\server\tests\apis.spec.js:55:19)
    at processTicksAndRejections (internal/process/task_queues.js:95:5)]]></failure>
    </testCase>
    <testCase name="tests GET /api/orders/:id" duration="449">
      <failure message="Error: expect(received).toMatchSnapshot(properties)"><![CDATA[Error: expect(received).toMatchSnapshot(properties)

Snapshot name: `tests GET /api/orders/:id 1`

- Expected properties  - 8
+ Received value       + 8

  Object {
-   "address": Any<Object>,
-   "amount": Any<Number>,
-   "conf": Any<Boolean>,
-   "date": Any<String>,
-   "fulfilled": Any<Boolean>,
-   "id": Any<Number>,
-   "products": Any<Object>,
-   "time": Any<String>,
+   "address": "{\"address\":\"Via Millio, 23 Torino (TO) 10129\",\"deliveryOn\":\"2021-12-07 11:30\"}",
+   "amount": 12,
+   "conf": 1,
+   "date": "2021-01-12",
+   "fulfilled": 1,
+   "id": 1,
+   "products": "{\"milk\":2,\"eggs\":1}",
+   "time": "08:12",
  }
    at forEach (C:\Users\Mattia\Desktop\spg\server\tests\apis.spec.js:72:21)
    at Array.forEach (<anonymous>)
    at Object.<anonymous> (C:\Users\Mattia\Desktop\spg\server\tests\apis.spec.js:71:19)
    at processTicksAndRejections (internal/process/task_queues.js:95:5)]]></failure>
      <failure message="Error: expect(received).toMatchSnapshot(properties)"><![CDATA[Error: expect(received).toMatchSnapshot(properties)

Snapshot name: `tests GET /api/orders/:id 2`

- Expected properties  - 8
+ Received value       + 8

  Object {
-   "address": Any<Object>,
-   "amount": Any<Number>,
-   "conf": Any<Boolean>,
-   "date": Any<String>,
-   "fulfilled": Any<Boolean>,
-   "id": Any<Number>,
-   "products": Any<Object>,
-   "time": Any<String>,
+   "address": "{\"address\":\"Via Millio, 23 Torino (TO) 10129\",\"deliveryOn\":\"2021-12-07 11:30\"}",
+   "amount": 9,
+   "conf": 0,
+   "date": "2021-09-01",
+   "fulfilled": 0,
+   "id": 2,
+   "products": "{\"Cheese\":0.3 }",
+   "time": "09:44",
  }
    at forEach (C:\Users\Mattia\Desktop\spg\server\tests\apis.spec.js:72:21)
    at Array.forEach (<anonymous>)
    at Object.<anonymous> (C:\Users\Mattia\Desktop\spg\server\tests\apis.spec.js:71:19)
    at processTicksAndRejections (internal/process/task_queues.js:95:5)]]></failure>
      <failure message="Error: expect(received).toMatchSnapshot(properties)"><![CDATA[Error: expect(received).toMatchSnapshot(properties)

Snapshot name: `tests GET /api/orders/:id 3`

- Expected properties  - 8
+ Received value       + 8

  Object {
-   "address": Any<Object>,
-   "amount": Any<Number>,
-   "conf": Any<Boolean>,
-   "date": Any<String>,
-   "fulfilled": Any<Boolean>,
-   "id": Any<Number>,
-   "products": Any<Object>,
-   "time": Any<String>,
+   "address": "{\"address\":\"Via Millio, 23 Torino (TO) 10129\",\"deliveryOn\":\"2021-12-07 11:30\"}",
+   "amount": 20.5,
+   "conf": 0,
+   "date": "2021-11-09",
+   "fulfilled": 0,
+   "id": 3,
+   "products": "{\"Eggs\":1,\"Flour\":3}",
+   "time": "01:07",
  }
    at forEach (C:\Users\Mattia\Desktop\spg\server\tests\apis.spec.js:72:21)
    at Array.forEach (<anonymous>)
    at Object.<anonymous> (C:\Users\Mattia\Desktop\spg\server\tests\apis.spec.js:71:19)
    at processTicksAndRejections (internal/process/task_queues.js:95:5)]]></failure>
      <failure message="Error: expect(received).toMatchSnapshot(properties)"><![CDATA[Error: expect(received).toMatchSnapshot(properties)

Snapshot name: `tests GET /api/orders/:id 4`

- Expected properties  - 8
+ Received value       + 8

  Object {
-   "address": Any<Object>,
-   "amount": Any<Number>,
-   "conf": Any<Boolean>,
-   "date": Any<String>,
-   "fulfilled": Any<Boolean>,
-   "id": Any<Number>,
-   "products": Any<Object>,
-   "time": Any<String>,
+   "address": "{\"address\":\"Via Millio, 23 Torino (TO) 10129\",\"deliveryOn\":\"2021-12-07 11:30\"}",
+   "amount": 2.4,
+   "conf": 0,
+   "date": "2021-11-13",
+   "fulfilled": 0,
+   "id": 4,
+   "products": "{\"Milk\":2}",
+   "time": "09:53",
  }
    at forEach (C:\Users\Mattia\Desktop\spg\server\tests\apis.spec.js:72:21)
    at Array.forEach (<anonymous>)
    at Object.<anonymous> (C:\Users\Mattia\Desktop\spg\server\tests\apis.spec.js:71:19)
    at processTicksAndRejections (internal/process/task_queues.js:95:5)]]></failure>
      <failure message="Error: expect(received).toMatchSnapshot(properties)"><![CDATA[Error: expect(received).toMatchSnapshot(properties)

Snapshot name: `tests GET /api/orders/:id 5`

- Expected properties  - 8
+ Received value       + 8

  Object {
-   "address": Any<Object>,
-   "amount": Any<Number>,
-   "conf": Any<Boolean>,
-   "date": Any<String>,
-   "fulfilled": Any<Boolean>,
-   "id": Any<Number>,
-   "products": Any<Object>,
-   "time": Any<String>,
+   "address": "{\"address\":\"Via Millio, 23 Torino (TO) 10129\",\"deliveryOn\":\"2021-12-07 11:30\"}",
+   "amount": 4.5,
+   "conf": 0,
+   "date": "2021-11-13",
+   "fulfilled": 1,
+   "id": 5,
+   "products": "{\"Flour\":1}",
+   "time": "18:36",
  }
    at forEach (C:\Users\Mattia\Desktop\spg\server\tests\apis.spec.js:72:21)
    at Array.forEach (<anonymous>)
    at Object.<anonymous> (C:\Users\Mattia\Desktop\spg\server\tests\apis.spec.js:71:19)
    at processTicksAndRejections (internal/process/task_queues.js:95:5)]]></failure>
      <failure message="Error: expect(received).toMatchSnapshot(properties)"><![CDATA[Error: expect(received).toMatchSnapshot(properties)

Snapshot name: `tests GET /api/orders/:id 6`

- Expected properties  - 8
+ Received value       + 8

  Object {
-   "address": Any<Object>,
-   "amount": Any<Number>,
-   "conf": Any<Boolean>,
-   "date": Any<String>,
-   "fulfilled": Any<Boolean>,
-   "id": Any<Number>,
-   "products": Any<Object>,
-   "time": Any<String>,
+   "address": "{\"address\":\"Via Millio, 23 Torino (TO) 10129\",\"deliveryOn\":\"2021-12-07 11:30\"}",
+   "amount": 23,
+   "conf": 0,
+   "date": "2021-11-13",
+   "fulfilled": 1,
+   "id": 6,
+   "products": "{\"Flour\":2,\"Eggs\":2}",
+   "time": "18:36",
  }
    at forEach (C:\Users\Mattia\Desktop\spg\server\tests\apis.spec.js:72:21)
    at Array.forEach (<anonymous>)
    at Object.<anonymous> (C:\Users\Mattia\Desktop\spg\server\tests\apis.spec.js:71:19)
    at processTicksAndRejections (internal/process/task_queues.js:95:5)]]></failure>
      <failure message="Error: expect(received).toMatchSnapshot(properties)"><![CDATA[Error: expect(received).toMatchSnapshot(properties)

Snapshot name: `tests GET /api/orders/:id 7`

- Expected properties  - 8
+ Received value       + 8

  Object {
-   "address": Any<Object>,
-   "amount": Any<Number>,
-   "conf": Any<Boolean>,
-   "date": Any<String>,
-   "fulfilled": Any<Boolean>,
-   "id": Any<Number>,
-   "products": Any<Object>,
-   "time": Any<String>,
+   "address": "{\"address\":\"Via Millio, 23 Torino (TO) 10129\",\"deliveryOn\":\"2021-12-07 11:30\"}",
+   "amount": 11.5,
+   "conf": 0,
+   "date": "2021-11-30",
+   "fulfilled": 0,
+   "id": 14,
+   "products": "{\"Flour\":1,\"Eggs\":1}",
+   "time": "22:32",
  }
    at forEach (C:\Users\Mattia\Desktop\spg\server\tests\apis.spec.js:72:21)
    at Array.forEach (<anonymous>)
    at Object.<anonymous> (C:\Users\Mattia\Desktop\spg\server\tests\apis.spec.js:71:19)
    at processTicksAndRejections (internal/process/task_queues.js:95:5)]]></failure>
      <failure message="Error: expect(received).toMatchSnapshot(properties)"><![CDATA[Error: expect(received).toMatchSnapshot(properties)

Snapshot name: `tests GET /api/orders/:id 8`

- Expected properties  - 8
+ Received value       + 8

  Object {
-   "address": Any<Object>,
-   "amount": Any<Number>,
-   "conf": Any<Boolean>,
-   "date": Any<String>,
-   "fulfilled": Any<Boolean>,
-   "id": Any<Number>,
-   "products": Any<Object>,
-   "time": Any<String>,
+   "address": "{\"address\":\"Via Millio, 23 Torino (TO) 10129\",\"deliveryOn\":\"2021-12-07 11:30\"}",
+   "amount": 9,
+   "conf": 0,
+   "date": "2021-12-02",
+   "fulfilled": 0,
+   "id": 15,
+   "products": "{\"Flour\":2}",
+   "time": "22:32",
  }
    at forEach (C:\Users\Mattia\Desktop\spg\server\tests\apis.spec.js:72:21)
    at Array.forEach (<anonymous>)
    at Object.<anonymous> (C:\Users\Mattia\Desktop\spg\server\tests\apis.spec.js:71:19)
    at processTicksAndRejections (internal/process/task_queues.js:95:5)]]></failure>
    </testCase>
    <testCase name="tests POST /api/orders" duration="659"/>
    <testCase name="tests POST /api/addNewUser" duration="865"/>
    <testCase name="tests error POST /api/addNewUser" duration="486"/>
    <testCase name="tests delete /api/sessions/current" duration="476"/>
    <testCase name="tests get /api/sessions/current" duration="673"/>
    <testCase name="tests get /api/nextProducts without performing the login" duration="536"/>
    <testCase name="tests get /api/nextProducts after the login as a customer not on sunday" duration="577"/>
    <testCase name="tests get /api/nextProducts after the login as a customer on sunday" duration="467"/>
    <testCase name="tests get /api/nextProducts after the login as a farmer" duration="451"/>
    <testCase name="tests post /api/sesion" duration="686"/>
    <testCase name="tests post /api/sesion error" duration="568"/>
  </file>
</testExecutions>