<?xml version="1.0" encoding="UTF-8"?>
<testExecutions version="1">
  <file path="C:\Users\Mattia\Desktop\spg\server\tests\apis.spec.js">
    <testCase name="tests GET /api/products" duration="449"/>
    <testCase name="tests GET /api/clients" duration="146"/>
    <testCase name="tests GET /api/clients/:id" duration="174"/>
    <testCase name="tests PUT /api/clients/:id/wallet" duration="182"/>
    <testCase name="tests GET /api/orders" duration="200"/>
    <testCase name="tests GET /api/orders/:id" duration="258"/>
    <testCase name="tests POST /api/orders" duration="265"/>
    <testCase name="tests POST /api/addNewUser" duration="698"/>
    <testCase name="tests error POST /api/addNewUser" duration="158"/>
    <testCase name="login" duration="260"/>
    <testCase name="tests POST /api/products" duration="268"/>
    <testCase name="tests PUT /api/products/:id" duration="517"/>
    <testCase name="logout" duration="202"/>
    <testCase name="tests delete /api/sessions/current" duration="212"/>
    <testCase name="tests get /api/sessions/current" duration="213"/>
    <testCase name="tests get /api/nextProducts without performing the login" duration="265"/>
    <testCase name="login" duration="492"/>
    <testCase name="tests get /api/nextProducts after the login as a customer not on sunday" duration="474"/>
    <testCase name="login" duration="239"/>
    <testCase name="tests get /api/nextProducts after the login as a customer on sunday" duration="248"/>
    <testCase name="tests fet /api/nextProducts in the current week" duration="266"/>
    <testCase name="login" duration="324"/>
    <testCase name="tests get /api/nextProducts after the login as a farmer" duration="105"/>
    <testCase name="tests post /api/session" duration="242"/>
    <testCase name="tests post /api/session error" duration="211"/>
    <testCase name="tests PUT /api/clients/basket/:id" duration="108"/>
    <testCase name="tests PUT /api/orders/modify/:id" duration="134"/>
    <testCase name="tests GET /api/wallet/:id" duration="131"/>
    <testCase name="login" duration="225"/>
    <testCase name="tests get /api/deliverableProducts after the login as a wmanager" duration="182"/>
    <testCase name="tests get /api/deliveries after the login as a wmanager" duration="159"/>
    <testCase name="tests post /api/deliveries after the login as a wmanager" duration="267"/>
    <testCase name="login" duration="233"/>
    <testCase name="tests GET /api/orderswithstatus/:status" duration="109"/>
    <testCase name="tests get /api/clock" duration="96"/>
  </file>
</testExecutions>