<?xml version="1.0" encoding="UTF-8"?>
<testExecutions version="1">
  <file path="C:\Users\Mattia\Desktop\spg\server\tests\apis.spec.js">
    <testCase name="tests GET /api/products" duration="96"/>
    <testCase name="tests GET /api/clients" duration="23"/>
    <testCase name="tests GET /api/clients/:id" duration="19"/>
    <testCase name="tests PUT /api/clients/:id/wallet" duration="78"/>
    <testCase name="tests POST /api/orders" duration="45"/>
    <testCase name="tests POST /api/addNewUser" duration="488"/>
  </file>
</testExecutions>