<?xml version="1.0" encoding="UTF-8"?>
<testExecutions version="1">
  <file path="C:\Users\fabia\Desktop\SE2\spg\server\tests\apis.spec.js">
    <testCase name="tests GET /api/products" duration="72"/>
    <testCase name="tests GET /api/clients" duration="16"/>
    <testCase name="tests GET /api/clients/:id" duration="14"/>
    <testCase name="tests PUT /api/clients/:id/wallet" duration="29"/>
    <testCase name="tests GET /api/orders" duration="14"/>
    <testCase name="tests GET /api/orders/:id" duration="13"/>
    <testCase name="tests POST /api/orders" duration="93"/>
    <testCase name="tests POST /api/addNewUser" duration="202"/>
    <testCase name="tests error POST /api/addNewUser" duration="17"/>
    <testCase name="login" duration="77"/>
    <testCase name="tests POST /api/products" duration="69"/>
    <testCase name="tests PUT /api/products/:id" duration="121"/>
    <testCase name="logout" duration="17"/>
    <testCase name="tests delete /api/sessions/current" duration="13"/>
    <testCase name="tests get /api/sessions/current" duration="13"/>
    <testCase name="tests get /api/nextProducts without performing the login" duration="18"/>
    <testCase name="login" duration="72"/>
    <testCase name="tests get /api/nextProducts after the login as a customer not on sunday" duration="105"/>
    <testCase name="login" duration="81"/>
    <testCase name="tests get /api/nextProducts after the login as a customer on sunday" duration="44"/>
    <testCase name="tests fet /api/nextProducts in the current week" duration="26"/>
    <testCase name="login" duration="71"/>
    <testCase name="tests get /api/nextProducts after the login as a farmer" duration="14"/>
    <testCase name="tests post /api/session" duration="78"/>
    <testCase name="tests post /api/session error" duration="73"/>
    <testCase name="tests PUT /api/clients/basket/:id" duration="21"/>
    <testCase name="tests GET /api/wallet/:id" duration="13"/>
    <testCase name="login" duration="73"/>
    <testCase name="tests get /api/deliverableProducts after the login as a wmanager" duration="13"/>
    <testCase name="tests get /api/deliveries after the login as a wmanager" duration="17"/>
    <testCase name="tests post /api/deliveries after the login as a wmanager" duration="128"/>
    <testCase name="login" duration="73"/>
    <testCase name="tests GET /api/orderswithstatus/:status" duration="16"/>
  </file>
</testExecutions>