<?xml version="1.0" encoding="UTF-8"?>
<testExecutions version="1">
  <file path="C:\Users\fabia\Desktop\SE2\spg\server\tests\apis.spec.js">
    <testCase name="tests GET /api/products" duration="82"/>
    <testCase name="tests GET /api/clients" duration="17"/>
    <testCase name="tests GET /api/clients/:id" duration="16"/>
    <testCase name="tests PUT /api/clients/:id/wallet" duration="27"/>
    <testCase name="tests GET /api/orders" duration="14"/>
    <testCase name="tests GET /api/orders/:id" duration="13"/>
    <testCase name="tests POST /api/orders" duration="90"/>
    <testCase name="tests POST /api/addNewUser" duration="201"/>
    <testCase name="tests error POST /api/addNewUser" duration="18"/>
    <testCase name="login" duration="81"/>
    <testCase name="tests POST /api/products" duration="69"/>
    <testCase name="tests PUT /api/products/:id" duration="114"/>
    <testCase name="logout" duration="15"/>
    <testCase name="tests delete /api/sessions/current" duration="14"/>
    <testCase name="tests get /api/sessions/current" duration="12"/>
    <testCase name="tests get /api/nextProducts without performing the login" duration="21"/>
    <testCase name="login" duration="71"/>
    <testCase name="tests get /api/nextProducts after the login as a customer not on sunday" duration="96"/>
    <testCase name="login" duration="74"/>
    <testCase name="tests get /api/nextProducts after the login as a customer on sunday" duration="37"/>
    <testCase name="tests fet /api/nextProducts in the current week" duration="24"/>
    <testCase name="login" duration="75"/>
    <testCase name="tests get /api/nextProducts after the login as a farmer" duration="13"/>
    <testCase name="tests post /api/session" duration="78"/>
    <testCase name="tests post /api/session error" duration="74"/>
    <testCase name="tests PUT /api/clients/basket/:id" duration="19"/>
    <testCase name="tests GET /api/wallet/:id" duration="14"/>
    <testCase name="login" duration="72"/>
    <testCase name="tests get /api/deliverableProducts after the login as a wmanager" duration="15"/>
    <testCase name="tests get /api/deliveries after the login as a wmanager" duration="21">
      <failure message="Error: expect(received).toMatchSnapshot(properties)"><![CDATA[Error: expect(received).toMatchSnapshot(properties)

Snapshot name: `tests get /api/deliveries after the login as a wmanager 1`

- Expected properties  - 3
+ Received value       + 2

  Object {
    "farmer": Any<Object>,
-   "id": Any<Number>,
-   "orderId": Any<Number>,
+   "id": 1,
    "product": Any<Object>,
-   "quantity": Any<Number>,
+   "quantity": 1,
  }
    at forEach (C:\Users\fabia\Desktop\SE2\spg\server\tests\apis.spec.js:509:24)
    at Array.forEach (<anonymous>)
    at Object.<anonymous> (C:\Users\fabia\Desktop\SE2\spg\server\tests\apis.spec.js:508:28)
    at runMicrotasks (<anonymous>)
    at processTicksAndRejections (internal/process/task_queues.js:93:5)]]></failure>
    </testCase>
    <testCase name="tests post /api/deliveries after the login as a wmanager" duration="30">
      <failure message="TypeError: Cannot read property &apos;0&apos; of undefined"><![CDATA[TypeError: Cannot read property '0' of undefined
    at Object.<anonymous> (C:\Users\fabia\Desktop\SE2\spg\server\tests\apis.spec.js:525:30)
    at runMicrotasks (<anonymous>)
    at processTicksAndRejections (internal/process/task_queues.js:93:5)]]></failure>
    </testCase>
    <testCase name="login" duration="72"/>
    <testCase name="tests GET /api/orderswithstatus/:status" duration="13"/>
  </file>
</testExecutions>