<?xml version="1.0" encoding="UTF-8"?>
<testExecutions version="1">
  <file path="C:\Users\fabia\Desktop\SE2\spg\server\tests\apis.spec.js">
    <testCase name="tests GET /api/products" duration="84"/>
    <testCase name="tests GET /api/clients" duration="17"/>
    <testCase name="tests GET /api/clients/:id" duration="16"/>
    <testCase name="tests PUT /api/clients/:id/wallet" duration="28"/>
    <testCase name="tests GET /api/orders" duration="14"/>
    <testCase name="tests GET /api/orders/:id" duration="14"/>
    <testCase name="tests POST /api/orders" duration="85"/>
    <testCase name="tests POST /api/addNewUser" duration="208"/>
    <testCase name="tests error POST /api/addNewUser" duration="16"/>
    <testCase name="login" duration="78"/>
    <testCase name="tests POST /api/products" duration="82"/>
    <testCase name="tests PUT /api/products/:id" duration="112"/>
    <testCase name="logout" duration="14"/>
    <testCase name="tests delete /api/sessions/current" duration="14"/>
    <testCase name="tests get /api/sessions/current" duration="12"/>
    <testCase name="tests get /api/nextProducts without performing the login" duration="17"/>
    <testCase name="login" duration="71"/>
    <testCase name="tests get /api/nextProducts after the login as a customer not on sunday" duration="96"/>
    <testCase name="login" duration="75"/>
    <testCase name="tests get /api/nextProducts after the login as a customer on sunday" duration="45"/>
    <testCase name="tests fet /api/nextProducts in the current week" duration="20"/>
    <testCase name="login" duration="76"/>
    <testCase name="tests get /api/nextProducts after the login as a farmer" duration="16"/>
    <testCase name="tests post /api/session" duration="80"/>
    <testCase name="tests post /api/session error" duration="72"/>
    <testCase name="tests PUT /api/clients/basket/:id" duration="14"/>
    <testCase name="tests GET /api/wallet/:id" duration="14"/>
    <testCase name="login" duration="74"/>
    <testCase name="tests get /api/deliverableProducts after the login as a wmanager" duration="14"/>
    <testCase name="tests get /api/deliveries after the login as a wmanager" duration="21"/>
    <testCase name="tests post /api/deliveries after the login as a wmanager" duration="138"/>
  </file>
</testExecutions>