<?xml version="1.0" encoding="UTF-8"?>
<testExecutions version="1">
  <file path="C:\Users\Mattia\Desktop\spg\server\tests\apis.spec.js">
    <testCase name="tests GET /api/products" duration="47"/>
    <testCase name="tests GET /api/clients" duration="14"/>
    <testCase name="tests GET /api/clients/:id" duration="10"/>
    <testCase name="tests PUT /api/clients/:id/wallet" duration="51"/>
    <testCase name="tests POST /api/addNewUser" duration="278"/>
    <testCase name="tests error POST /api/addNewUser" duration="16"/>
    <testCase name="tests delete /api/sessions/current" duration="7"/>
    <testCase name="tests get /api/sessions/current" duration="8"/>
    <testCase name="tests get /api/nextProducts without performing the login" duration="58"/>
    <testCase name="tests post /api/sesion" duration="86"/>
    <testCase name="tests post /api/sesion error" duration="78"/>
    <testCase name="tests PUT /api/clients/basket/:id" duration="8"/>
    <testCase name="tests GET /api/wallet/:id" duration="7">
      <failure message="TypeError: response.body.forEach is not a function"><![CDATA[TypeError: response.body.forEach is not a function
    at Object.<anonymous> (C:\Users\Mattia\Desktop\spg\server\tests\apis.spec.js:312:19)
    at processTicksAndRejections (internal/process/task_queues.js:95:5)]]></failure>
    </testCase>
  </file>
</testExecutions>