<?xml version="1.0" encoding="UTF-8"?>
<testExecutions version="1">
  <file path="C:\Users\Mattia\Desktop\spg\server\tests\apis.spec.js">
    <testCase name="tests GET /api/products" duration="44"/>
    <testCase name="tests GET /api/clients" duration="14"/>
    <testCase name="tests GET /api/clients/:id" duration="8"/>
    <testCase name="tests PUT /api/clients/:id/wallet" duration="46"/>
    <testCase name="tests POST /api/orders" duration="41"/>
    <testCase name="tests POST /api/addNewUser" duration="283"/>
    <testCase name="tests error POST /api/addNewUser" duration="25"/>
    <testCase name="tests delete /api/sessions/current" duration="10"/>
    <testCase name="tests get /api/sessions/current" duration="6"/>
  </file>
</testExecutions>