<?xml version="1.0" encoding="UTF-8"?>
<testExecutions version="1">
  <file path="/Users/pietromacori/Documents/git/SoftEng2/SPG/server/tests/apis.spec.js">
    <testCase name="tests GET /api/products" duration="107"/>
    <testCase name="tests GET /api/clients" duration="35"/>
    <testCase name="tests GET /api/clients/:id" duration="35"/>
    <testCase name="tests PUT /api/clients/:id/wallet" duration="43"/>
    <testCase name="tests GET /api/orders" duration="22"/>
    <testCase name="tests GET /api/orders/:id" duration="33"/>
    <testCase name="tests POST /api/orders" duration="40"/>
    <testCase name="tests POST /api/addNewUser" duration="286"/>
    <testCase name="tests error POST /api/addNewUser" duration="35"/>
    <testCase name="login" duration="93"/>
    <testCase name="tests POST /api/products" duration="43"/>
    <testCase name="tests PUT /api/products/:id" duration="80"/>
    <testCase name="logout" duration="13"/>
    <testCase name="tests delete /api/sessions/current" duration="11"/>
    <testCase name="tests get /api/sessions/current" duration="26"/>
    <testCase name="tests get /api/nextProducts without performing the login" duration="31"/>
    <testCase name="login" duration="87"/>
    <testCase name="tests get /api/nextProducts after the login as a customer not on sunday" duration="116"/>
    <testCase name="login" duration="88"/>
    <testCase name="tests get /api/nextProducts after the login as a customer on sunday" duration="31"/>
    <testCase name="tests fet /api/nextProducts in the current week" duration="22"/>
    <testCase name="login" duration="90"/>
    <testCase name="tests get /api/nextProducts after the login as a farmer" duration="19"/>
    <testCase name="tests post /api/session" duration="115"/>
    <testCase name="tests post /api/session error" duration="87"/>
    <testCase name="tests PUT /api/clients/basket/:id" duration="15"/>
    <testCase name="tests PUT /api/orders/modify/:id" duration="19"/>
    <testCase name="tests GET /api/wallet/:id" duration="13"/>
    <testCase name="login" duration="88"/>
    <testCase name="tests get /api/deliverableProducts after the login as a wmanager" duration="9"/>
    <testCase name="tests get /api/deliveries after the login as a wmanager" duration="11"/>
    <testCase name="tests post /api/deliveries after the login as a wmanager" duration="19"/>
    <testCase name="login" duration="84"/>
    <testCase name="tests GET /api/orderswithstatus/:status" duration="20"/>
    <testCase name="login" duration="87"/>
    <testCase name="tests POST /api/confirmOrderForPickup" duration="39"/>
  </file>
</testExecutions>