<?xml version="1.0" encoding="UTF-8"?>
<testExecutions version="1">
  <file path="C:\Users\Mattia\Desktop\spg\server\tests\apis.spec.js">
    <testCase name="tests GET /api/products" duration="293"/>
    <testCase name="tests GET /api/clients" duration="75"/>
    <testCase name="tests GET /api/clients/:id" duration="74"/>
    <testCase name="tests PUT /api/clients/:id/wallet" duration="96"/>
    <testCase name="tests GET /api/orders" duration="65"/>
    <testCase name="tests GET /api/orders/:id" duration="69"/>
    <testCase name="tests POST /api/orders" duration="101"/>
    <testCase name="tests POST /api/addNewUser" duration="313"/>
    <testCase name="tests error POST /api/addNewUser" duration="74"/>
    <testCase name="login" duration="151"/>
    <testCase name="tests POST /api/products" duration="164"/>
    <testCase name="tests PUT /api/products/:id" duration="241"/>
    <testCase name="logout" duration="72"/>
    <testCase name="tests delete /api/sessions/current" duration="57"/>
    <testCase name="tests get /api/sessions/current" duration="59"/>
    <testCase name="tests get /api/nextProducts without performing the login" duration="89"/>
    <testCase name="login" duration="129"/>
    <testCase name="tests get /api/nextProducts after the login as a customer not on sunday" duration="197"/>
    <testCase name="login" duration="133"/>
    <testCase name="tests get /api/nextProducts after the login as a customer on sunday" duration="124"/>
    <testCase name="tests fet /api/nextProducts in the current week" duration="86"/>
    <testCase name="login" duration="131"/>
    <testCase name="tests get /api/nextProducts after the login as a farmer" duration="67"/>
    <testCase name="tests post /api/session" duration="163"/>
    <testCase name="tests post /api/session error" duration="121"/>
    <testCase name="tests PUT /api/clients/basket/:id" duration="61"/>
    <testCase name="tests PUT /api/orders/modify/:id" duration="90"/>
    <testCase name="tests GET /api/wallet/:id" duration="67"/>
    <testCase name="login" duration="142"/>
    <testCase name="tests get /api/deliverableProducts after the login as a wmanager" duration="88"/>
    <testCase name="tests get /api/deliveries after the login as a wmanager" duration="71"/>
    <testCase name="tests post /api/deliveries after the login as a wmanager" duration="208"/>
    <testCase name="login" duration="180"/>
    <testCase name="tests GET /api/orderswithstatus/:status" duration="103"/>
    <testCase name="tests get /api/clock" duration="76"/>
  </file>
</testExecutions>