<?xml version="1.0" encoding="UTF-8"?>
<testExecutions version="1">
  <file path="C:\Users\Mattia\Desktop\spg\server\tests\apis.spec.js">
    <testCase name="tests GET /api/products" duration="132"/>
    <testCase name="tests GET /api/clients" duration="37"/>
    <testCase name="tests GET /api/clients/:id" duration="29"/>
    <testCase name="tests PUT /api/clients/:id/wallet" duration="74"/>
    <testCase name="tests POST /api/addNewUser" duration="593"/>
    <testCase name="tests error POST /api/addNewUser" duration="59"/>
    <testCase name="login" duration="160"/>
    <testCase name="tests POST /api/products" duration="89"/>
    <testCase name="tests PUT /api/products/:id" duration="135"/>
    <testCase name="logout" duration="26"/>
    <testCase name="tests delete /api/sessions/current" duration="31"/>
    <testCase name="tests get /api/sessions/current" duration="30"/>
    <testCase name="tests get /api/nextProducts without performing the login" duration="46"/>
    <testCase name="login" duration="150"/>
    <testCase name="tests get /api/nextProducts after the login as a customer not on sunday" duration="417"/>
    <testCase name="login" duration="274"/>
    <testCase name="tests get /api/nextProducts after the login as a customer on sunday" duration="233"/>
    <testCase name="login" duration="144"/>
    <testCase name="tests get /api/nextProducts after the login as a farmer" duration="38"/>
    <testCase name="tests post /api/session" duration="161"/>
    <testCase name="tests post /api/session error" duration="122"/>
    <testCase name="tests PUT /api/clients/basket/:id" duration="21"/>
    <testCase name="tests GET /api/wallet/:id" duration="32">
      <failure message="TypeError: response.body.forEach is not a function"><![CDATA[TypeError: response.body.forEach is not a function
    at Object.<anonymous> (C:\Users\Mattia\Desktop\spg\server\tests\apis.spec.js:446:19)
    at processTicksAndRejections (internal/process/task_queues.js:95:5)]]></failure>
    </testCase>
  </file>
</testExecutions>