<?xml version="1.0" encoding="UTF-8"?>
<testExecutions version="1">
  <file path="/Users/pietromacori/Documents/git/SoftEng2/SPG/server/tests/apis.spec.js">
    <testCase name="tests GET /api/products" duration="198"/>
    <testCase name="tests GET /api/clients" duration="69"/>
    <testCase name="tests GET /api/clients/:id" duration="63"/>
    <testCase name="tests PUT /api/clients/:id/wallet" duration="66"/>
    <testCase name="tests GET /api/orders" duration="53"/>
    <testCase name="tests GET /api/orders/:id" duration="66"/>
    <testCase name="tests POST /api/orders" duration="94"/>
    <testCase name="tests POST /api/addNewUser" duration="376"/>
    <testCase name="tests error POST /api/addNewUser" duration="106"/>
    <testCase name="login" duration="143"/>
    <testCase name="tests POST /api/products" duration="115"/>
    <testCase name="tests PUT /api/products/:id" duration="148"/>
    <testCase name="logout" duration="67"/>
    <testCase name="tests delete /api/sessions/current" duration="49"/>
    <testCase name="tests get /api/sessions/current" duration="63"/>
    <testCase name="tests get /api/nextProducts without performing the login" duration="86"/>
    <testCase name="login" duration="123"/>
    <testCase name="tests get /api/nextProducts after the login as a customer not on sunday" duration="225"/>
    <testCase name="login" duration="149"/>
    <testCase name="tests get /api/nextProducts after the login as a customer on sunday" duration="106"/>
    <testCase name="tests fet /api/nextProducts in the current week" duration="85"/>
    <testCase name="login" duration="131"/>
    <testCase name="tests get /api/nextProducts after the login as a farmer" duration="54"/>
    <testCase name="tests post /api/session" duration="178"/>
    <testCase name="tests post /api/session error" duration="123"/>
    <testCase name="tests PUT /api/clients/basket/:id" duration="54"/>
    <testCase name="tests PUT /api/orders/modify/:id" duration="78"/>
    <testCase name="tests GET /api/wallet/:id" duration="73"/>
    <testCase name="login" duration="131"/>
    <testCase name="tests get /api/deliverableProducts after the login as a wmanager" duration="57"/>
    <testCase name="tests get /api/deliveries after the login as a wmanager" duration="128"/>
    <testCase name="tests post /api/deliveries after the login as a wmanager" duration="102"/>
    <testCase name="login" duration="130"/>
    <testCase name="tests GET /api/orderswithstatus/:status" duration="75"/>
    <testCase name="tests put /api/orders/pay" duration="76"/>
    <testCase name="login" duration="132"/>
    <testCase name="tests put /api/updateOrder/:id" duration="88"/>
    <testCase name="tests get /api/clock" duration="66"/>
  </file>
</testExecutions>