<?xml version="1.0" encoding="UTF-8"?>
<testExecutions version="1">
  <file path="C:\Users\Prophet\Desktop\SE2\spg\server\tests\apis.spec.js">
    <testCase name="tests GET /api/products" duration="413"/>
    <testCase name="tests GET /api/clients" duration="115"/>
    <testCase name="tests GET /api/clients/:id" duration="98"/>
    <testCase name="tests PUT /api/clients/:id/wallet" duration="126"/>
    <testCase name="tests GET /api/orders" duration="94"/>
    <testCase name="tests GET /api/orders/:id" duration="100"/>
    <testCase name="tests POST /api/orders" duration="147"/>
    <testCase name="tests POST /api/addNewUser" duration="547"/>
    <testCase name="tests error POST /api/addNewUser" duration="103"/>
    <testCase name="login" duration="249"/>
    <testCase name="tests POST /api/products" duration="204"/>
    <testCase name="tests PUT /api/products/:id" duration="271"/>
    <testCase name="logout" duration="94"/>
    <testCase name="tests delete /api/sessions/current" duration="94"/>
    <testCase name="tests get /api/sessions/current" duration="95"/>
    <testCase name="tests get /api/nextProducts without performing the login" duration="115"/>
    <testCase name="login" duration="237"/>
    <testCase name="tests get /api/nextProducts after the login as a customer not on sunday" duration="366"/>
    <testCase name="login" duration="265"/>
    <testCase name="tests get /api/nextProducts after the login as a customer on sunday" duration="190"/>
    <testCase name="tests fet /api/nextProducts in the current week" duration="133"/>
    <testCase name="login" duration="245"/>
    <testCase name="tests get /api/nextProducts after the login as a farmer" duration="102"/>
    <testCase name="tests post /api/session" duration="266"/>
    <testCase name="tests post /api/session error" duration="233"/>
    <testCase name="tests PUT /api/clients/basket/:id" duration="94"/>
    <testCase name="tests PUT /api/orders/modify/:id" duration="145"/>
    <testCase name="tests GET /api/wallet/:id" duration="100"/>
    <testCase name="login" duration="240"/>
    <testCase name="tests get /api/deliverableProducts after the login as a wmanager" duration="118"/>
    <testCase name="tests get /api/deliveries after the login as a wmanager" duration="113"/>
    <testCase name="tests post /api/deliveries after the login as a wmanager" duration="145"/>
    <testCase name="login" duration="240"/>
    <testCase name="tests GET /api/orderswithstatus/:status" duration="113"/>
    <testCase name="tests put /api/orders/pay" duration="99"/>
    <testCase name="login" duration="241"/>
    <testCase name="tests put /api/updateOrder/:id" duration="141"/>
    <testCase name="tests get /api/clock" duration="102"/>
  </file>
</testExecutions>