<?xml version="1.0" encoding="UTF-8"?>
<testExecutions version="1">
  <file path="C:\Users\Mattia\Desktop\spg\server\tests\apis.spec.js">
    <testCase name="tests GET /api/products" duration="655"/>
    <testCase name="tests GET /api/clients" duration="624"/>
    <testCase name="tests GET /api/clients/:id" duration="608"/>
    <testCase name="tests PUT /api/clients/:id/wallet" duration="542"/>
    <testCase name="tests POST /api/addNewUser" duration="989"/>
    <testCase name="tests error POST /api/addNewUser" duration="523"/>
    <testCase name="tests delete /api/sessions/current" duration="430"/>
    <testCase name="tests get /api/sessions/current" duration="427"/>
    <testCase name="tests get /api/nextProducts without performing the login" duration="530"/>
    <testCase name="tests get /api/nextProducts after the login as a customer not on sunday" duration="726"/>
    <testCase name="tests get /api/nextProducts after the login as a customer on sunday" duration="543"/>
    <testCase name="tests get /api/nextProducts after the login as a farmer" duration="391"/>
    <testCase name="tests post /api/sesion" duration="644"/>
    <testCase name="tests post /api/sesion error" duration="567"/>
  </file>
</testExecutions>