<?xml version="1.0" encoding="UTF-8"?>
<testExecutions version="1">
  <file path="/Users/pietromacori/Documents/git/SoftEng2/SPG/server/tests/apis.spec.js">
    <testCase name="tests GET /api/products" duration="200"/>
    <testCase name="tests GET /api/clients" duration="68"/>
    <testCase name="tests GET /api/clients/:id" duration="76"/>
    <testCase name="tests PUT /api/clients/:id/wallet" duration="85"/>
    <testCase name="tests GET /api/orders" duration="67"/>
    <testCase name="tests GET /api/orders/:id" duration="68"/>
    <testCase name="tests POST /api/orders" duration="67"/>
    <testCase name="tests POST /api/addNewUser" duration="258"/>
    <testCase name="tests error POST /api/addNewUser" duration="56"/>
    <testCase name="login" duration="141"/>
    <testCase name="tests POST /api/products" duration="117"/>
    <testCase name="tests PUT /api/products/:id" duration="169"/>
    <testCase name="logout" duration="65"/>
    <testCase name="tests delete /api/sessions/current" duration="64"/>
    <testCase name="tests get /api/sessions/current" duration="62"/>
    <testCase name="tests get /api/nextProducts without performing the login" duration="71"/>
    <testCase name="login" duration="142"/>
    <testCase name="tests get /api/nextProducts after the login as a customer not on sunday" duration="179"/>
    <testCase name="login" duration="138"/>
    <testCase name="tests get /api/nextProducts after the login as a customer on sunday" duration="107"/>
    <testCase name="tests fet /api/nextProducts in the current week" duration="92"/>
    <testCase name="login" duration="122"/>
    <testCase name="tests get /api/nextProducts after the login as a farmer" duration="87"/>
    <testCase name="tests post /api/session" duration="146"/>
    <testCase name="tests post /api/session error" duration="119"/>
    <testCase name="tests PUT /api/clients/basket/:id" duration="44"/>
    <testCase name="tests PUT /api/orders/modify/:id" duration="90"/>
    <testCase name="tests GET /api/wallet/:id" duration="69"/>
    <testCase name="login" duration="130"/>
    <testCase name="tests get /api/deliverableProducts after the login as a wmanager" duration="53"/>
    <testCase name="tests get /api/deliveries after the login as a wmanager" duration="68"/>
    <testCase name="tests post /api/deliveries after the login as a wmanager" duration="77"/>
    <testCase name="login" duration="138"/>
    <testCase name="tests GET /api/orderswithstatus/:status" duration="79"/>
    <testCase name="tests get /api/clock" duration="66"/>
  </file>
</testExecutions>