<?xml version="1.0" encoding="UTF-8"?>
<testExecutions version="1">
  <file path="C:\Users\fabia\Desktop\SE2\spg\server\tests\apis.spec.js">
    <testCase name="tests GET /api/products" duration="86"/>
    <testCase name="tests GET /api/clients" duration="17"/>
    <testCase name="tests GET /api/clients/:id" duration="15"/>
    <testCase name="tests PUT /api/clients/:id/wallet" duration="32"/>
    <testCase name="tests GET /api/orders" duration="16"/>
    <testCase name="tests GET /api/orders/:id" duration="13"/>
    <testCase name="tests POST /api/orders" duration="91"/>
    <testCase name="tests POST /api/addNewUser" duration="209"/>
    <testCase name="tests error POST /api/addNewUser" duration="21"/>
    <testCase name="login" duration="81"/>
    <testCase name="tests POST /api/products" duration="85"/>
    <testCase name="tests PUT /api/products/:id" duration="118"/>
    <testCase name="logout" duration="14"/>
    <testCase name="tests delete /api/sessions/current" duration="13"/>
    <testCase name="tests get /api/sessions/current" duration="13"/>
    <testCase name="tests get /api/nextProducts without performing the login" duration="17"/>
    <testCase name="login" duration="72"/>
    <testCase name="tests get /api/nextProducts after the login as a customer not on sunday" duration="98"/>
    <testCase name="login" duration="72"/>
    <testCase name="tests get /api/nextProducts after the login as a customer on sunday" duration="38"/>
    <testCase name="tests fet /api/nextProducts in the current week" duration="24"/>
    <testCase name="login" duration="72"/>
    <testCase name="tests get /api/nextProducts after the login as a farmer" duration="17"/>
    <testCase name="tests post /api/session" duration="78"/>
    <testCase name="tests post /api/session error" duration="74"/>
    <testCase name="tests PUT /api/clients/basket/:id" duration="36"/>
    <testCase name="tests GET /api/wallet/:id" duration="12"/>
    <testCase name="login" duration="73"/>
    <testCase name="tests get /api/deliverableProducts after the login as a wmanager" duration="13"/>
    <testCase name="tests get /api/deliveries after the login as a wmanager" duration="13"/>
    <testCase name="tests post /api/deliveries after the login as a wmanager" duration="149"/>
    <testCase name="login" duration="75"/>
    <testCase name="tests GET /api/orderswithstatus/:status" duration="19"/>
  </file>
</testExecutions>